<?xml version="1.0" encoding="UTF-8"?>
<testsuite xmlns:xsi="http://www.w3.org/2001/XMLSchema-instance" xsi:noNamespaceSchemaLocation="https://maven.apache.org/surefire/maven-surefire-plugin/xsd/surefire-test-report-3.0.xsd" version="3.0" name="org.sasanlabs.service.vulnerability.xss.reflected.PersistentXSSInHTMLTagVulnerabilityTest" time="0.04" tests="14" errors="0" skipped="0" failures="0">
  <properties>
[...]
</properties>
  <testcase name="testGetVulnerablePayloadLevel2_WithPatternReplacement" classname="org.sasanlabs.service.vulnerability.xss.reflected.PersistentXSSInHTMLTagVulnerabilityTest" time="0.017"/>
  <testcase name="testGetVulnerablePayloadLevel1WithXSSInAttributeValue" classname="org.sasanlabs.service.vulnerability.xss.reflected.PersistentXSSInHTMLTagVulnerabilityTest" time="0.001"/>
  <testcase name="testGetVulnerablePayloadLevel4WithResponseStatusAssertions" classname="org.sasanlabs.service.vulnerability.xss.reflected.PersistentXSSInHTMLTagVulnerabilityTest" time="0.0"/>
  <testcase name="testGetVulnerablePayloadLevel1" classname="org.sasanlabs.service.vulnerability.xss.reflected.PersistentXSSInHTMLTagVulnerabilityTest" time="0.0"/>
  <testcase name="testGetVulnerablePayloadLevel2" classname="org.sasanlabs.service.vulnerability.xss.reflected.PersistentXSSInHTMLTagVulnerabilityTest" time="0.001"/>
  <testcase name="testGetVulnerablePayloadLevel3" classname="org.sasanlabs.service.vulnerability.xss.reflected.PersistentXSSInHTMLTagVulnerabilityTest" time="0.001"/>
  <testcase name="testGetVulnerablePayloadLevel4" classname="org.sasanlabs.service.vulnerability.xss.reflected.PersistentXSSInHTMLTagVulnerabilityTest" time="0.001"/>
  <testcase name="testGetVulnerablePayloadLevel5" classname="org.sasanlabs.service.vulnerability.xss.reflected.PersistentXSSInHTMLTagVulnerabilityTest" time="0.001"/>
  <testcase name="testGetVulnerablePayloadLevel6" classname="org.sasanlabs.service.vulnerability.xss.reflected.PersistentXSSInHTMLTagVulnerabilityTest" time="0.0"/>
  <testcase name="testGetVulnerablePayloadLevel7" classname="org.sasanlabs.service.vulnerability.xss.reflected.PersistentXSSInHTMLTagVulnerabilityTest" time="0.0"/>
  <testcase name="testGetVulnerablePayloadLevel3_WithResponseContentAssertions" classname="org.sasanlabs.service.vulnerability.xss.reflected.PersistentXSSInHTMLTagVulnerabilityTest" time="0.003"/>
  <testcase name="testGetVulnerablePayloadLevel6WithHtmlEscaping" classname="org.sasanlabs.service.vulnerability.xss.reflected.PersistentXSSInHTMLTagVulnerabilityTest" time="0.012"/>
  <testcase name="testGetVulnerablePayloadLevel6WithNullByte" classname="org.sasanlabs.service.vulnerability.xss.reflected.PersistentXSSInHTMLTagVulnerabilityTest" time="0.0"/>
  <testcase name="testGetVulnerablePayloadLevel5WithNullByte" classname="org.sasanlabs.service.vulnerability.xss.reflected.PersistentXSSInHTMLTagVulnerabilityTest" time="0.0"/>
</testsuite>